tesseract-integrated/tess-two-test/build/outputs/logs/manifest-merger-debug-report.txt
-- Merging decision tree log ---
manifest
ADDED from PhotoExpence\tess-two-test\AndroidManifest.xml:2:1-23:12
	package
		ADDED from PhotoExpence\tess-two-test\AndroidManifest.xml:3:5-52
	android:versionName
		ADDED from PhotoExpence\tess-two-test\AndroidManifest.xml:5:5-30
		INJECTED from PhotoExpence\tess-two-test\AndroidManifest.xml
		INJECTED from PhotoExpence\tess-two-test\AndroidManifest.xml
	android:versionCode
		ADDED from PhotoExpence\tess-two-test\AndroidManifest.xml:4:5-28
		INJECTED from PhotoExpence\tess-two-test\AndroidManifest.xml
		INJECTED from PhotoExpence\tess-two-test\AndroidManifest.xml
	xmlns:android
		ADDED from PhotoExpence\tess-two-test\AndroidManifest.xml:2:11-69
uses-sdk
ADDED from PhotoExpence\tess-two-test\AndroidManifest.xml:7:5-9:41
MERGED from [PhotoExpence:tess-two:unspecified] AndroidManifest.xml:22:5-24:41
	android:targetSdkVersion
		ADDED from PhotoExpence\tess-two-test\AndroidManifest.xml:9:9-38
		INJECTED from PhotoExpence\tess-two-test\AndroidManifest.xml
		INJECTED from PhotoExpence\tess-two-test\AndroidManifest.xml
	android:minSdkVersion
		ADDED from PhotoExpence\tess-two-test\AndroidManifest.xml:8:9-34
		INJECTED from PhotoExpence\tess-two-test\AndroidManifest.xml
		INJECTED from PhotoExpence\tess-two-test\AndroidManifest.xml
uses-permission#android.permission.WRITE_EXTERNAL_STORAGE
ADDED from PhotoExpence\tess-two-test\AndroidManifest.xml:11:5-81
	android:name
		ADDED from PhotoExpence\tess-two-test\AndroidManifest.xml:11:22-78
instrumentation#android.test.InstrumentationTestRunner
ADDED from PhotoExpence\tess-two-test\AndroidManifest.xml:13:5-15:73
	android:targetPackage
		ADDED from PhotoExpence\tess-two-test\AndroidManifest.xml:15:9-70
	android:name
		ADDED from PhotoExpence\tess-two-test\AndroidManifest.xml:14:9-62
application
ADDED from PhotoExpence\tess-two-test\AndroidManifest.xml:17:5-21:19
	android:label
		ADDED from PhotoExpence\tess-two-test\AndroidManifest.xml:19:9-41
	android:icon
		ADDED from PhotoExpence\tess-two-test\AndroidManifest.xml:18:9-38
uses-library#android.test.runner
ADDED from PhotoExpence\tess-two-test\AndroidManifest.xml:20:9-60
	android:name
		ADDED from PhotoExpence\tess-two-test\AndroidManifest.xml:20:23-57